southroad1.are
southroad2.are
southroad3.are
brynnmahar.are
glasstower.are
scionenclave.are
gehirvalley.are
ilopheth.are
mudschool.are
cavernspt1.are
common.are
midgaard.are
eluvielshrine.are
cantrev.are
antava.are
adrianna.are
gannyte.are
arangird.are
duergarmines.are
kotudgroad.are
aetudgroad.are
aetplaroad.are
aetcimroad.are
udgdalroad.are
udgvarroad.are
sanihar.are
cimar.are
regal.are
crimson.are
aetullan.are
cimarsewer.are
mausoleum.are
mtcim.are
eastroad.are
dagdan.are
ruins.are
sarloth.are
koteras.are
caelumaedan.are
plains.are
haon.are
canyon.are
catacomb.are
thalos.are
hitower.are
limbo.are
sewer.are
valley.are
forest.are
dying.are
skills.are
dale.are
mythforest.are
mythruins.are
beholder.are
rakshasa.are
bluetwr.are
greentwr.are
redtwr.are
varggin.are
obsidian.are
dragtower.are
emerald.are
bounty.are
naiadsea.are
naiadia.are
rivenroc.are
ulfarm.are
tahlu.are
testshrine.are
horde.are
bloodtemple.are
social.are
$
