limbo.are
testshrine.are
eluvielshrine.are
zethshrine.are
morglumshrine.are
waekath.are
tiernus.are
seikilos.are
mtcim.are
plains.are
skills.are
emerald.are
ruins.are
naiadia.are
dagdan.are
arangird.are
varggin.are
mythforest.are
caverns.are
redtwr.are
bluetwr.are
greentwr.are
bounty.are
horde.are
scionenclave.are
common.are
regal.are
glasstower.are
goodcabal.are
forest.are
dying.are
kotudgroad.are
aetudgroad.are
aetplaroad.are
aetcimroad.are
udgdalroad.are
udgvarroad.are
academy.are
koboldmines.are
brynnmahar.are
iceland1.are
nemeth.are
karsvalley.are
haondor2.are
social.are
$
